#
# There is insufficient memory for the Java Runtime Environment to continue.
# Native memory allocation (malloc) failed to allocate 945296 bytes for Chunk::new
# Possible reasons:
#   The system is out of physical RAM or swap space
#   In 32 bit mode, the process size limit was hit
# Possible solutions:
#   Reduce memory load on the system
#   Increase physical memory or swap space
#   Check if swap backing store is full
#   Use 64 bit Java on a 64 bit OS
#   Decrease Java heap size (-Xmx/-Xms)
#   Decrease number of Java threads
#   Decrease Java thread stack sizes (-Xss)
#   Set larger code cache with -XX:ReservedCodeCacheSize=
# This output file may be truncated or incomplete.
#
#  Out of Memory Error (allocation.cpp:390), pid=21240, tid=0x00000000000047f8
#
# JRE version: Java(TM) SE Runtime Environment (8.0_141-b15) (build 1.8.0_141-b15)
# Java VM: Java HotSpot(TM) 64-Bit Server VM (25.141-b15 mixed mode windows-amd64 compressed oops)
# Failed to write core dump. Minidumps are not enabled by default on client versions of Windows
#

---------------  T H R E A D  ---------------

Current thread (0x000000001b63c800):  JavaThread "C2 CompilerThread1" daemon [_thread_in_native, id=18424, stack(0x000000001bd30000,0x000000001be30000)]

Stack: [0x000000001bd30000,0x000000001be30000]
[error occurred during error reporting (printing stack bounds), id 0xc0000005]

Native frames: (J=compiled Java code, j=interpreted, Vv=VM code, C=native code)


Current CompileTask:
C2:   9214 3962       4       org.springframework.core.annotation.TypeMappedAnnotations::get (52 bytes)


---------------  P R O C E S S  ---------------

Java Threads: ( => current thread )
  0x000000001b642800 JavaThread "HikariPool-1 connection adder" daemon [_thread_blocked, id=22656, stack(0x0000000022b30000,0x0000000022c30000)]
  0x000000001b646000 JavaThread "HikariPool-1 housekeeper" daemon [_thread_blocked, id=12624, stack(0x0000000022a30000,0x0000000022b30000)]
  0x000000001d6b8800 JavaThread "mysql-cj-abandoned-connection-cleanup" daemon [_thread_blocked, id=21416, stack(0x0000000020fd0000,0x00000000210d0000)]
  0x000000001b882800 JavaThread "surefire-forkedjvm-ping-30s" daemon [_thread_in_native, id=3920, stack(0x000000001c230000,0x000000001c330000)]
  0x000000001b763000 JavaThread "surefire-forkedjvm-command-thread" daemon [_thread_in_native, id=16468, stack(0x000000001c130000,0x000000001c230000)]
  0x000000001b6b3800 JavaThread "Service Thread" daemon [_thread_blocked, id=6196, stack(0x000000001bf30000,0x000000001c030000)]
  0x000000001b643000 JavaThread "C1 CompilerThread2" daemon [_thread_blocked, id=9964, stack(0x000000001be30000,0x000000001bf30000)]
=>0x000000001b63c800 JavaThread "C2 CompilerThread1" daemon [_thread_in_native, id=18424, stack(0x000000001bd30000,0x000000001be30000)]
  0x000000001a2bb800 JavaThread "C2 CompilerThread0" daemon [_thread_in_native, id=19144, stack(0x000000001bc30000,0x000000001bd30000)]
  0x000000001b638800 JavaThread "Attach Listener" daemon [_thread_blocked, id=22024, stack(0x000000001bb30000,0x000000001bc30000)]
  0x000000001a270800 JavaThread "Signal Dispatcher" daemon [_thread_blocked, id=15112, stack(0x000000001ba30000,0x000000001bb30000)]
  0x000000001a24a800 JavaThread "Finalizer" daemon [_thread_blocked, id=14720, stack(0x000000001b4d0000,0x000000001b5d0000)]
  0x00000000031c1800 JavaThread "Reference Handler" daemon [_thread_blocked, id=1276, stack(0x000000001b3d0000,0x000000001b4d0000)]
  0x00000000030d1000 JavaThread "main" [_thread_in_Java, id=4024, stack(0x0000000002f80000,0x0000000003080000)]

Other Threads:
  0x000000001a227000 VMThread [stack: 0x000000001b2d0000,0x000000001b3d0000] [id=19768]
  0x000000001b6f8800 WatcherThread [stack: 0x000000001c030000,0x000000001c130000] [id=8620]

VM state:not at safepoint (normal execution)

VM Mutex/Monitor currently owned by a thread: None

Heap:
 PSYoungGen      total 130560K, used 100338K [0x0000000780900000, 0x000000078ac80000, 0x00000007c0000000)
  eden space 121856K, 82% used [0x0000000780900000,0x0000000786afc878,0x0000000788000000)
  from space 8704K, 0% used [0x0000000788980000,0x0000000788980000,0x0000000789200000)
  to   space 9728K, 0% used [0x0000000788000000,0x0000000788000000,0x0000000788980000)
 ParOldGen       total 118272K, used 14213K [0x0000000701a00000, 0x0000000708d80000, 0x0000000780900000)
  object space 118272K, 12% used [0x0000000701a00000,0x00000007027e1518,0x0000000708d80000)
 Metaspace       used 41141K, capacity 43486K, committed 43648K, reserved 1087488K
  class space    used 5468K, capacity 5907K, committed 6016K, reserved 1048576K

Card table byte_map: [0x0000000012590000,0x0000000012b90000] byte_map_base: 0x000000000ed83000

Marking Bits: (ParMarkBitMap*) 0x000000006ad7d850
 Begin Bits: [0x0000000013390000, 0x0000000016328000)
 End Bits:   [0x0000000016328000, 0x00000000192c0000)

Polling page: 0x00000000012c0000

CodeCache: size=245760Kb used=14246Kb max_used=14246Kb free=231513Kb
 bounds [0x00000000031d0000, 0x0000000003fd0000, 0x00000000121d0000]
 total_blobs=4456 nmethods=3966 adapters=401
 compilation: enabled

Compilation events (10 events):
Event: 9.207 Thread 0x000000001b643000 4006       3       org.springframework.core.annotation.TypeMappedAnnotation$$Lambda$244/745962066::extract (6 bytes)
Event: 9.208 Thread 0x000000001b643000 nmethod 4006 0x0000000003fbead0 code [0x0000000003fbec60, 0x0000000003fbf048]
Event: 9.208 Thread 0x000000001b643000 4007       3       org.springframework.boot.context.properties.source.SystemEnvironmentPropertyMapper::map (66 bytes)
Event: 9.209 Thread 0x000000001b643000 nmethod 4007 0x0000000003fbf2d0 code [0x0000000003fbf4e0, 0x0000000003fc01c8]
Event: 9.209 Thread 0x000000001b643000 4009       3       org.springframework.boot.context.properties.source.SystemEnvironmentPropertyMapper::convertName (62 bytes)
Event: 9.210 Thread 0x000000001b643000 nmethod 4009 0x0000000003fc0710 code [0x0000000003fc0900, 0x0000000003fc1388]
Event: 9.210 Thread 0x000000001b643000 4010       3       java.lang.Class::getDeclaredMethods (18 bytes)
Event: 9.210 Thread 0x000000001b643000 nmethod 4010 0x0000000003fc1810 code [0x0000000003fc19a0, 0x0000000003fc1bd8]
Event: 9.210 Thread 0x000000001b643000 4008       3       org.springframework.boot.context.properties.source.SystemEnvironmentPropertyMapper::convertName (10 bytes)
Event: 9.210 Thread 0x000000001b643000 nmethod 4008 0x0000000003fc1cd0 code [0x0000000003fc1e40, 0x0000000003fc20e8]

GC Heap History (10 events):
Event: 2.822 GC heap before
{Heap before GC invocations=4 (full 1):
 PSYoungGen      total 57344K, used 6631K [0x0000000780900000, 0x0000000787900000, 0x00000007c0000000)
  eden space 49152K, 0% used [0x0000000780900000,0x0000000780900000,0x0000000783900000)
  from space 8192K, 80% used [0x0000000783900000,0x0000000783f79d68,0x0000000784100000)
  to   space 8192K, 0% used [0x0000000787100000,0x0000000787100000,0x0000000787900000)
 ParOldGen       total 131072K, used 426K [0x0000000701a00000, 0x0000000709a00000, 0x0000000780900000)
  object space 131072K, 0% used [0x0000000701a00000,0x0000000701a6ab08,0x0000000709a00000)
 Metaspace       used 19935K, capacity 21160K, committed 21296K, reserved 1067008K
  class space    used 2675K, capacity 2920K, committed 2944K, reserved 1048576K
Event: 2.876 GC heap after
Heap after GC invocations=4 (full 1):
 PSYoungGen      total 57344K, used 0K [0x0000000780900000, 0x0000000787900000, 0x00000007c0000000)
  eden space 49152K, 0% used [0x0000000780900000,0x0000000780900000,0x0000000783900000)
  from space 8192K, 0% used [0x0000000783900000,0x0000000783900000,0x0000000784100000)
  to   space 8192K, 0% used [0x0000000787100000,0x0000000787100000,0x0000000787900000)
 ParOldGen       total 75776K, used 6578K [0x0000000701a00000, 0x0000000706400000, 0x0000000780900000)
  object space 75776K, 8% used [0x0000000701a00000,0x000000070206c810,0x0000000706400000)
 Metaspace       used 19935K, capacity 21160K, committed 21296K, reserved 1067008K
  class space    used 2675K, capacity 2920K, committed 2944K, reserved 1048576K
}
Event: 3.449 GC heap before
{Heap before GC invocations=5 (full 1):
 PSYoungGen      total 57344K, used 49152K [0x0000000780900000, 0x0000000787900000, 0x00000007c0000000)
  eden space 49152K, 100% used [0x0000000780900000,0x0000000783900000,0x0000000783900000)
  from space 8192K, 0% used [0x0000000783900000,0x0000000783900000,0x0000000784100000)
  to   space 8192K, 0% used [0x0000000787100000,0x0000000787100000,0x0000000787900000)
 ParOldGen       total 75776K, used 6578K [0x0000000701a00000, 0x0000000706400000, 0x0000000780900000)
  object space 75776K, 8% used [0x0000000701a00000,0x000000070206c810,0x0000000706400000)
 Metaspace       used 25474K, capacity 26876K, committed 27008K, reserved 1073152K
  class space    used 3391K, capacity 3692K, committed 3712K, reserved 1048576K
Event: 3.463 GC heap after
Heap after GC invocations=5 (full 1):
 PSYoungGen      total 85504K, used 6545K [0x0000000780900000, 0x0000000787780000, 0x00000007c0000000)
  eden space 78848K, 0% used [0x0000000780900000,0x0000000780900000,0x0000000785600000)
  from space 6656K, 98% used [0x0000000787100000,0x00000007877647e0,0x0000000787780000)
  to   space 8192K, 0% used [0x0000000786780000,0x0000000786780000,0x0000000786f80000)
 ParOldGen       total 75776K, used 6578K [0x0000000701a00000, 0x0000000706400000, 0x0000000780900000)
  object space 75776K, 8% used [0x0000000701a00000,0x000000070206c810,0x0000000706400000)
 Metaspace       used 25474K, capacity 26876K, committed 27008K, reserved 1073152K
  class space    used 3391K, capacity 3692K, committed 3712K, reserved 1048576K
}
Event: 4.675 GC heap before
{Heap before GC invocations=6 (full 1):
 PSYoungGen      total 85504K, used 85393K [0x0000000780900000, 0x0000000787780000, 0x00000007c0000000)
  eden space 78848K, 100% used [0x0000000780900000,0x0000000785600000,0x0000000785600000)
  from space 6656K, 98% used [0x0000000787100000,0x00000007877647e0,0x0000000787780000)
  to   space 8192K, 0% used [0x0000000786780000,0x0000000786780000,0x0000000786f80000)
 ParOldGen       total 75776K, used 6578K [0x0000000701a00000, 0x0000000706400000, 0x0000000780900000)
  object space 75776K, 8% used [0x0000000701a00000,0x000000070206c810,0x0000000706400000)
 Metaspace       used 28921K, capacity 30546K, committed 30848K, reserved 1075200K
  class space    used 3836K, capacity 4169K, committed 4224K, reserved 1048576K
Event: 4.687 GC heap after
Heap after GC invocations=6 (full 1):
 PSYoungGen      total 104960K, used 6903K [0x0000000780900000, 0x0000000789200000, 0x00000007c0000000)
  eden space 96768K, 0% used [0x0000000780900000,0x0000000780900000,0x0000000786780000)
  from space 8192K, 84% used [0x0000000786780000,0x0000000786e3df30,0x0000000786f80000)
  to   space 8704K, 0% used [0x0000000788980000,0x0000000788980000,0x0000000789200000)
 ParOldGen       total 75776K, used 6578K [0x0000000701a00000, 0x0000000706400000, 0x0000000780900000)
  object space 75776K, 8% used [0x0000000701a00000,0x000000070206c810,0x0000000706400000)
 Metaspace       used 28921K, capacity 30546K, committed 30848K, reserved 1075200K
  class space    used 3836K, capacity 4169K, committed 4224K, reserved 1048576K
}
Event: 6.152 GC heap before
{Heap before GC invocations=7 (full 1):
 PSYoungGen      total 104960K, used 95512K [0x0000000780900000, 0x0000000789200000, 0x00000007c0000000)
  eden space 96768K, 91% used [0x0000000780900000,0x0000000785f882d8,0x0000000786780000)
  from space 8192K, 84% used [0x0000000786780000,0x0000000786e3df30,0x0000000786f80000)
  to   space 8704K, 0% used [0x0000000788980000,0x0000000788980000,0x0000000789200000)
 ParOldGen       total 75776K, used 6578K [0x0000000701a00000, 0x0000000706400000, 0x0000000780900000)
  object space 75776K, 8% used [0x0000000701a00000,0x000000070206c810,0x0000000706400000)
 Metaspace       used 33584K, capacity 35380K, committed 35456K, reserved 1079296K
  class space    used 4573K, capacity 4944K, committed 4992K, reserved 1048576K
Event: 6.172 GC heap after
Heap after GC invocations=7 (full 1):
 PSYoungGen      total 130560K, used 8691K [0x0000000780900000, 0x000000078ac80000, 0x00000007c0000000)
  eden space 121856K, 0% used [0x0000000780900000,0x0000000780900000,0x0000000788000000)
  from space 8704K, 99% used [0x0000000788980000,0x00000007891fcfa8,0x0000000789200000)
  to   space 9728K, 0% used [0x0000000788000000,0x0000000788000000,0x0000000788980000)
 ParOldGen       total 75776K, used 7138K [0x0000000701a00000, 0x0000000706400000, 0x0000000780900000)
  object space 75776K, 9% used [0x0000000701a00000,0x00000007020f8a48,0x0000000706400000)
 Metaspace       used 33584K, capacity 35380K, committed 35456K, reserved 1079296K
  class space    used 4573K, capacity 4944K, committed 4992K, reserved 1048576K
}
Event: 6.172 GC heap before
{Heap before GC invocations=8 (full 2):
 PSYoungGen      total 130560K, used 8691K [0x0000000780900000, 0x000000078ac80000, 0x00000007c0000000)
  eden space 121856K, 0% used [0x0000000780900000,0x0000000780900000,0x0000000788000000)
  from space 8704K, 99% used [0x0000000788980000,0x00000007891fcfa8,0x0000000789200000)
  to   space 9728K, 0% used [0x0000000788000000,0x0000000788000000,0x0000000788980000)
 ParOldGen       total 75776K, used 7138K [0x0000000701a00000, 0x0000000706400000, 0x0000000780900000)
  object space 75776K, 9% used [0x0000000701a00000,0x00000007020f8a48,0x0000000706400000)
 Metaspace       used 33584K, capacity 35380K, committed 35456K, reserved 1079296K
  class space    used 4573K, capacity 4944K, committed 4992K, reserved 1048576K
Event: 6.249 GC heap after
Heap after GC invocations=8 (full 2):
 PSYoungGen      total 130560K, used 0K [0x0000000780900000, 0x000000078ac80000, 0x00000007c0000000)
  eden space 121856K, 0% used [0x0000000780900000,0x0000000780900000,0x0000000788000000)
  from space 8704K, 0% used [0x0000000788980000,0x0000000788980000,0x0000000789200000)
  to   space 9728K, 0% used [0x0000000788000000,0x0000000788000000,0x0000000788980000)
 ParOldGen       total 118272K, used 14213K [0x0000000701a00000, 0x0000000708d80000, 0x0000000780900000)
  object space 118272K, 12% used [0x0000000701a00000,0x00000007027e1518,0x0000000708d80000)
 Metaspace       used 33584K, capacity 35380K, committed 35456K, reserved 1079296K
  class space    used 4573K, capacity 4944K, committed 4992K, reserved 1048576K
}

Deoptimization events (10 events):
Event: 8.390 Thread 0x000000001b642800 Uncommon trap: reason=predicate action=maybe_recompile pc=0x0000000003307f58 method=java.util.regex.Pattern$SliceI.match(Ljava/util/regex/Matcher;ILjava/lang/CharSequence;)Z @ 21
Event: 8.435 Thread 0x00000000030d1000 Uncommon trap: reason=unstable_if action=reinterpret pc=0x00000000037166c0 method=java.io.WinNTFileSystem.isLetter(C)Z @ 3
Event: 8.444 Thread 0x00000000030d1000 Uncommon trap: reason=class_check action=maybe_recompile pc=0x0000000003c7df54 method=org.springframework.beans.factory.support.AbstractBeanFactory.isTypeMatch(Ljava/lang/String;Lorg/springframework/core/ResolvableType;Z)Z @ 53
Event: 8.451 Thread 0x00000000030d1000 Uncommon trap: reason=class_check action=maybe_recompile pc=0x0000000003c7df54 method=org.springframework.beans.factory.support.AbstractBeanFactory.isTypeMatch(Ljava/lang/String;Lorg/springframework/core/ResolvableType;Z)Z @ 53
Event: 8.452 Thread 0x00000000030d1000 Uncommon trap: reason=class_check action=maybe_recompile pc=0x0000000003c7df54 method=org.springframework.beans.factory.support.AbstractBeanFactory.isTypeMatch(Ljava/lang/String;Lorg/springframework/core/ResolvableType;Z)Z @ 53
Event: 8.916 Thread 0x00000000030d1000 Uncommon trap: reason=unstable_if action=reinterpret pc=0x0000000003c58388 method=java.lang.reflect.Method.equals(Ljava/lang/Object;)Z @ 49
Event: 8.918 Thread 0x00000000030d1000 Uncommon trap: reason=unstable_if action=reinterpret pc=0x0000000003e4dc24 method=java.lang.Class.searchMethods([Ljava/lang/reflect/Method;Ljava/lang/String;[Ljava/lang/Class;)Ljava/lang/reflect/Method; @ 47
Event: 8.919 Thread 0x00000000030d1000 Uncommon trap: reason=unstable_if action=reinterpret pc=0x0000000003e5e9e8 method=java.lang.reflect.Method.equals(Ljava/lang/Object;)Z @ 49
Event: 8.999 Thread 0x00000000030d1000 Uncommon trap: reason=unstable_if action=reinterpret pc=0x0000000003b2227c method=java.util.concurrent.ConcurrentHashMap.putVal(Ljava/lang/Object;Ljava/lang/Object;Z)Ljava/lang/Object; @ 331
Event: 9.045 Thread 0x00000000030d1000 Uncommon trap: reason=range_check action=make_not_entrant pc=0x0000000003f7d4c4 method=java.util.zip.ZipUtils.get16([BI)I @ 10

Internal exceptions (10 events):
Event: 9.176 Thread 0x00000000030d1000 Exception <a 'java/lang/ClassNotFoundException': com/fasterxml/jackson/core/TreeCodecCustomizer> (0x0000000786564458) thrown at [C:\re\workspace\8-2-build-windows-amd64-cygwin\jdk8u141\9370\hotspot\src\share\vm\classfile\systemDictionary.cpp, line 210]
Event: 9.178 Thread 0x00000000030d1000 Exception <a 'java/lang/ClassNotFoundException': com/fasterxml/jackson/core/ObjectCodecCustomizer> (0x000000078658ad80) thrown at [C:\re\workspace\8-2-build-windows-amd64-cygwin\jdk8u141\9370\hotspot\src\share\vm\classfile\systemDictionary.cpp, line 210]
Event: 9.180 Thread 0x00000000030d1000 Exception <a 'java/lang/ClassNotFoundException': com/fasterxml/jackson/databind/ObjectMapperCustomizer> (0x00000007865c6f50) thrown at [C:\re\workspace\8-2-build-windows-amd64-cygwin\jdk8u141\9370\hotspot\src\share\vm\classfile\systemDictionary.cpp, line 
Event: 9.193 Thread 0x00000000030d1000 Exception <a 'java/lang/ClassNotFoundException': com/fasterxml/jackson/core/VersionedCustomizer> (0x00000007867dbb20) thrown at [C:\re\workspace\8-2-build-windows-amd64-cygwin\jdk8u141\9370\hotspot\src\share\vm\classfile\systemDictionary.cpp, line 210]
Event: 9.193 Thread 0x00000000030d1000 Exception <a 'java/lang/ClassNotFoundException': com/fasterxml/jackson/core/VersionedCustomizer> (0x00000007867fc1b8) thrown at [C:\re\workspace\8-2-build-windows-amd64-cygwin\jdk8u141\9370\hotspot\src\share\vm\classfile\systemDictionary.cpp, line 210]
Event: 9.201 Thread 0x00000000030d1000 Exception <a 'java/lang/ClassNotFoundException': java/lang/ObjectCustomizer> (0x00000007869179e8) thrown at [C:\re\workspace\8-2-build-windows-amd64-cygwin\jdk8u141\9370\hotspot\src\share\vm\classfile\systemDictionary.cpp, line 210]
Event: 9.202 Thread 0x00000000030d1000 Exception <a 'java/lang/ClassNotFoundException': org/springframework/boot/autoconfigure/http/codec/CodecsAutoConfiguration$DefaultCodecsConfigurationCustomizer> (0x0000000786957000) thrown at [C:\re\workspace\8-2-build-windows-amd64-cygwin\jdk8u141\9370\h
Event: 9.205 Thread 0x00000000030d1000 Exception <a 'java/lang/ClassNotFoundException': java/lang/ObjectCustomizer> (0x000000078696ad90) thrown at [C:\re\workspace\8-2-build-windows-amd64-cygwin\jdk8u141\9370\hotspot\src\share\vm\classfile\systemDictionary.cpp, line 210]
Event: 9.206 Thread 0x00000000030d1000 Exception <a 'java/lang/ClassNotFoundException': org/springframework/boot/autoconfigure/codec/CodecPropertiesCustomizer> (0x0000000786998e70) thrown at [C:\re\workspace\8-2-build-windows-amd64-cygwin\jdk8u141\9370\hotspot\src\share\vm\classfile\systemDict
Event: 9.212 Thread 0x00000000030d1000 Exception <a 'java/lang/ClassNotFoundException': java/lang/ObjectCustomizer> (0x00000007869c1a20) thrown at [C:\re\workspace\8-2-build-windows-amd64-cygwin\jdk8u141\9370\hotspot\src\share\vm\classfile\systemDictionary.cpp, line 210]

Events (10 events):
Event: 9.209 loading class org/springframework/boot/autoconfigure/http/HttpProperties
Event: 9.209 loading class org/springframework/boot/autoconfigure/http/HttpProperties done
Event: 9.209 loading class org/springframework/boot/autoconfigure/http/HttpProperties
Event: 9.209 loading class org/springframework/boot/autoconfigure/http/HttpProperties done
Event: 9.210 loading class java/lang/invoke/LambdaForm$Hidden
Event: 9.210 loading class java/lang/invoke/LambdaForm$Hidden done
Event: 9.211 loading class java/lang/ObjectCustomizer
Event: 9.211 loading class java/lang/ObjectCustomizer done
Event: 9.211 loading class java/lang/ObjectCustomizer
Event: 9.211 loading class java/lang/ObjectCustomizer done


Dynamic libraries:
0x00007ff77de80000 - 0x00007ff77deb7000 	D:\Java\JavaTools\jdk-8u141-windows-x64\jre\bin\java.exe
0x00007ff99ffa0000 - 0x00007ff9a0190000 	C:\WINDOWS\SYSTEM32\ntdll.dll
0x00007ff99f680000 - 0x00007ff99f732000 	C:\WINDOWS\System32\KERNEL32.DLL
0x00007ff99cf70000 - 0x00007ff99d215000 	C:\WINDOWS\System32\KERNELBASE.dll
0x00007ff99e530000 - 0x00007ff99e5d3000 	C:\WINDOWS\System32\ADVAPI32.dll
0x00007ff99e720000 - 0x00007ff99e7be000 	C:\WINDOWS\System32\msvcrt.dll
0x00007ff99fec0000 - 0x00007ff99ff57000 	C:\WINDOWS\System32\sechost.dll
0x00007ff99e070000 - 0x00007ff99e190000 	C:\WINDOWS\System32\RPCRT4.dll
0x00007ff99e830000 - 0x00007ff99e9c4000 	C:\WINDOWS\System32\USER32.dll
0x00007ff99dfd0000 - 0x00007ff99dff1000 	C:\WINDOWS\System32\win32u.dll
0x00007ff99f420000 - 0x00007ff99f446000 	C:\WINDOWS\System32\GDI32.dll
0x00007ff99d4c0000 - 0x00007ff99d656000 	C:\WINDOWS\System32\gdi32full.dll
0x00007ff99d240000 - 0x00007ff99d2de000 	C:\WINDOWS\System32\msvcp_win.dll
0x00007ff99d3c0000 - 0x00007ff99d4ba000 	C:\WINDOWS\System32\ucrtbase.dll
0x00007ff98d820000 - 0x00007ff98daa4000 	C:\WINDOWS\WinSxS\amd64_microsoft.windows.common-controls_6595b64144ccf1df_6.0.18362.1256_none_9e7e379be45e40e2\COMCTL32.dll
0x00007ff99e1f0000 - 0x00007ff99e526000 	C:\WINDOWS\System32\combase.dll
0x00007ff99df40000 - 0x00007ff99dfc1000 	C:\WINDOWS\System32\bcryptPrimitives.dll
0x00007ff99f1d0000 - 0x00007ff99f1fe000 	C:\WINDOWS\System32\IMM32.DLL
0x000000006ae00000 - 0x000000006aed2000 	D:\Java\JavaTools\jdk-8u141-windows-x64\jre\bin\msvcr100.dll
0x000000006a560000 - 0x000000006adfd000 	D:\Java\JavaTools\jdk-8u141-windows-x64\jre\bin\server\jvm.dll
0x00007ff99feb0000 - 0x00007ff99feb8000 	C:\WINDOWS\System32\PSAPI.DLL
0x00007ff995890000 - 0x00007ff99589a000 	C:\WINDOWS\SYSTEM32\VERSION.dll
0x00007ff99b080000 - 0x00007ff99b0a4000 	C:\WINDOWS\SYSTEM32\WINMM.dll
0x00007ff99af50000 - 0x00007ff99af7d000 	C:\WINDOWS\SYSTEM32\WINMMBASE.dll
0x00007ff99e000000 - 0x00007ff99e04a000 	C:\WINDOWS\System32\cfgmgr32.dll
0x00007ff9887b0000 - 0x00007ff9887b9000 	C:\WINDOWS\SYSTEM32\WSOCK32.dll
0x00007ff99e7c0000 - 0x00007ff99e82f000 	C:\WINDOWS\System32\WS2_32.dll
0x000000006c0f0000 - 0x000000006c0ff000 	D:\Java\JavaTools\jdk-8u141-windows-x64\jre\bin\verify.dll
0x000000006c0c0000 - 0x000000006c0e9000 	D:\Java\JavaTools\jdk-8u141-windows-x64\jre\bin\java.dll
0x000000006c080000 - 0x000000006c096000 	D:\Java\JavaTools\jdk-8u141-windows-x64\jre\bin\zip.dll
0x00007ff99f740000 - 0x00007ff99fe27000 	C:\WINDOWS\System32\SHELL32.dll
0x00007ff99f5d0000 - 0x00007ff99f679000 	C:\WINDOWS\System32\shcore.dll
0x00007ff99d7b0000 - 0x00007ff99df31000 	C:\WINDOWS\System32\windows.storage.dll
0x00007ff99cee0000 - 0x00007ff99cf03000 	C:\WINDOWS\System32\profapi.dll
0x00007ff99ce90000 - 0x00007ff99ceda000 	C:\WINDOWS\System32\powrprof.dll
0x00007ff99ce40000 - 0x00007ff99ce50000 	C:\WINDOWS\System32\UMPDC.dll
0x00007ff99ee60000 - 0x00007ff99eeb2000 	C:\WINDOWS\System32\shlwapi.dll
0x00007ff99ce70000 - 0x00007ff99ce81000 	C:\WINDOWS\System32\kernel.appcore.dll
0x00007ff99d220000 - 0x00007ff99d237000 	C:\WINDOWS\System32\cryptsp.dll
0x000000006a520000 - 0x000000006a52d000 	D:\Java\JavaTools\jdk-8u141-windows-x64\jre\bin\management.dll
0x000000006a4e0000 - 0x000000006a4fa000 	D:\Java\JavaTools\jdk-8u141-windows-x64\jre\bin\net.dll
0x00007ff99c630000 - 0x00007ff99c697000 	C:\WINDOWS\system32\mswsock.dll
0x000000006a4c0000 - 0x000000006a4d1000 	D:\Java\JavaTools\jdk-8u141-windows-x64\jre\bin\nio.dll
0x00007ff983920000 - 0x00007ff983936000 	C:\WINDOWS\system32\napinsp.dll
0x00007ff983900000 - 0x00007ff98391a000 	C:\WINDOWS\system32\pnrpnsp.dll
0x00007ff99c380000 - 0x00007ff99c44b000 	C:\WINDOWS\SYSTEM32\DNSAPI.dll
0x00007ff99ee50000 - 0x00007ff99ee58000 	C:\WINDOWS\System32\NSI.dll
0x00007ff99c340000 - 0x00007ff99c37a000 	C:\WINDOWS\SYSTEM32\IPHLPAPI.DLL
0x00007ff981ea0000 - 0x00007ff981eae000 	C:\WINDOWS\System32\winrnr.dll
0x00007ff997ec0000 - 0x00007ff997edc000 	C:\WINDOWS\system32\NLAapi.dll
0x00007ff998b10000 - 0x00007ff998b25000 	C:\WINDOWS\system32\wshbth.dll
0x00007ff994fe0000 - 0x00007ff994fea000 	C:\Windows\System32\rasadhlp.dll
0x00007ff995cb0000 - 0x00007ff995d27000 	C:\WINDOWS\System32\fwpuclnt.dll
0x00007ff99d390000 - 0x00007ff99d3b6000 	C:\WINDOWS\System32\bcrypt.dll
0x000000006a490000 - 0x000000006a4b4000 	D:\Java\JavaTools\jdk-8u141-windows-x64\jre\bin\sunec.dll
0x00007ff9967d0000 - 0x00007ff9967e6000 	C:\WINDOWS\SYSTEM32\dhcpcsvc6.DLL
0x00007ff9967b0000 - 0x00007ff9967cc000 	C:\WINDOWS\SYSTEM32\dhcpcsvc.DLL
0x00007ff99c1a0000 - 0x00007ff99c1d3000 	C:\WINDOWS\system32\rsaenh.dll
0x00007ff99cd60000 - 0x00007ff99cd85000 	C:\WINDOWS\SYSTEM32\USERENV.dll
0x00007ff99c800000 - 0x00007ff99c80c000 	C:\WINDOWS\SYSTEM32\CRYPTBASE.dll
0x000000006a480000 - 0x000000006a48b000 	D:\Java\JavaTools\jdk-8u141-windows-x64\jre\bin\sunmscapi.dll
0x00007ff99d660000 - 0x00007ff99d7a9000 	C:\WINDOWS\System32\CRYPT32.dll
0x00007ff99ce50000 - 0x00007ff99ce62000 	C:\WINDOWS\System32\MSASN1.dll

VM Arguments:
java_command: C:\Users\zhaopo\AppData\Local\Temp\surefire5458810759571839945\surefirebooter8990369076642193285.jar C:\Users\zhaopo\AppData\Local\Temp\surefire5458810759571839945 2021-02-20T16-34-34_271-jvmRun1 surefire4851762930679387220tmp surefire_03359874458280810181tmp
java_class_path (initial): C:\Users\zhaopo\AppData\Local\Temp\surefire5458810759571839945\surefirebooter8990369076642193285.jar
Launcher Type: SUN_STANDARD

Environment Variables:
JAVA_HOME=D:\Java\JavaTools\jdk-8u141-windows-x64
PATH=C:\ProgramData\Oracle\Java\javapath;C:\WINDOWS\system32;C:\WINDOWS;C:\WINDOWS\System32\Wbem;C:\WINDOWS\System32\WindowsPowerShell\v1.0\;C:\WINDOWS\System32\OpenSSH\;D:\Datebase Files\MySQL\MySQL Server 5.7\bin;D:\Java\JavaTools\jdk-8u141-windows-x64\bin;D:\Java\JavaTools\maven\apache-maven-3.5.4\bin;D:\Java\JavaTools\git\Git\cmd;D:\Java\JavaTools\node\;C:\Program Files\dotnet\;C:\Program Files\Microsoft SQL Server\130\Tools\Binn\;C:\Program Files\Microsoft SQL Server\Client SDK\ODBC\170\Tools\Binn\;C:\Program Files (x86)\Microsoft SQL Server\150\Tools\Binn\;C:\Program Files\Microsoft SQL Server\150\Tools\Binn\;C:\Program Files\Microsoft SQL Server\150\DTS\Binn\;D:\Datebase Files\MySQL\MySQL Server 5.7\bin;D:\Java\JavaTools\VSCode\Microsoft VS Code\bin;C:\Users\zhaopo\AppData\Roaming\npm;C:\Users\zhaopo\.dotnet\tools
USERNAME=zhaopo
OS=Windows_NT
PROCESSOR_IDENTIFIER=Intel64 Family 6 Model 78 Stepping 3, GenuineIntel



---------------  S Y S T E M  ---------------

OS: Windows 10.0 , 64 bit Build 18362 (10.0.18362.1110)

CPU:total 4 (initial active 4) (2 cores per cpu, 2 threads per core) family 6 model 78 stepping 3, cmov, cx8, fxsr, mmx, sse, sse2, sse3, ssse3, sse4.1, sse4.2, popcnt, avx, avx2, aes, clmul, erms, 3dnowpref, lzcnt, ht, tsc, tscinvbit, bmi1, bmi2, adx

Memory: 4k page, physical 12474208k(964196k free), swap 21837084k(5564k free)

vm_info: Java HotSpot(TM) 64-Bit Server VM (25.141-b15) for windows-amd64 JRE (1.8.0_141-b15), built on Jul 12 2017 04:25:12 by "java_re" with MS VC++ 10.0 (VS2010)

time: Sat Feb 20 16:34:44 2021
elapsed time: 9 seconds (0d 0h 0m 9s)

